
[2023-10-21 03:06:18.922 PM] fatal: wrong eviroment can't be "cualquiercosa"  
[2023-10-21 03:18:18.685 PM] fatal: este es el logger fatal 
[2023-10-21 03:18:18.689 PM] error: este es el logger error 
[2023-10-21 03:18:44.874 PM] fatal: este es el logger fatal 
[2023-10-21 03:18:44.876 PM] error: este es el logger error 
[2023-10-24 03:44:19.271 PM] error: passport is not defined 
[2023-10-24 03:53:43.284 PM] error: Cannot set headers after they are sent to the client 
[2023-10-24 03:56:30.095 PM] error: logger is not defined 
[2023-10-25 10:11:26.490 PM] error: No se pudo enviar el mail 
[2023-10-25 10:11:47.973 PM] error: Invalid status code: enviando mail a: 
[2023-10-25 10:12:22.608 PM] error: Invalid status code: enviando mail a: 
[2023-10-26 09:59:23.835 AM] error: Invalid status code: enviando mail a: 
[2023-10-26 11:10:28.482 AM] error: Cast to ObjectId failed for value "asdasdasdasddasasdasdasd@gmail.com" (type string) at path "_id" for model "users" 
[2023-10-26 11:14:03.314 AM] error: boolean is not defined 
[2023-10-26 01:01:03.416 PM] error: No se pudo cambiar el password 
[2023-10-26 01:01:37.199 PM] error: No se pudo cambiar el password 
[2023-10-26 01:02:19.751 PM] error: No se pudo cambiar el password 
[2023-10-26 01:03:01.351 PM] error: No se pudo cambiar el password 
[2023-10-26 01:03:55.170 PM] error: No se pudo cambiar el password 
[2023-10-26 07:49:22.955 PM] error: Cannot read properties of undefined (reading 'role') 
[2023-10-26 07:53:54.689 PM] error: Cannot read properties of undefined (reading 'role') 
[2023-10-26 08:20:25.351 PM] error: Cannot read properties of undefined (reading 'role') 
[2023-10-26 08:21:09.039 PM] error: Cannot read properties of undefined (reading 'role') 
[2023-10-26 08:26:15.036 PM] error: No se pudo crear el producto 
[2023-10-27 11:29:03.279 AM] error: No se pudo crear el producto 
[2023-10-27 11:29:57.967 AM] error: No se pudo crear el producto 
[2023-10-27 11:30:26.338 AM] error: No se pudo crear el producto 
[2023-10-27 11:35:17.067 AM] error: No se pudo crear el producto 
[2023-10-27 08:42:21.734 PM] error: No se pudo updatear el producto 
[2023-10-30 10:53:43.463 AM] error: this.model.getByUserId is not a function 
[2023-10-30 10:55:31.393 AM] error: this.model.getByUserId is not a function 
[2023-10-30 10:56:30.580 AM] error: this.model.getByUserId is not a function 
[2023-10-30 10:57:40.206 AM] error: this.model.updateById is not a function 
[2023-10-30 10:58:44.925 AM] error: this.model.getById is not a function 
[2023-10-30 10:59:19.031 AM] error: this.model.updateById is not a function 
[2023-10-30 11:01:35.658 AM] error: this.model.updateById is not a function 
[2023-10-30 11:06:51.942 AM] error: this.model.updateById is not a function 
[2023-10-30 11:15:23.266 AM] error: User role in database is wrong 
[2023-10-31 12:21:59.873 PM] error: No se encontro el producto 
[2023-10-31 10:11:04.553 PM] error: No se encontro el producto 
[2023-10-31 10:47:30.101 PM] error: No se encontro el producto 
[2023-10-31 10:48:10.113 PM] error: No se encontro el producto 
[2023-10-31 10:49:00.153 PM] error: No se encontro el producto 
[2023-11-01 08:55:10.562 AM] error: No se encontro el producto 
[2023-11-01 09:00:13.274 AM] error: No se pudo obtener los productos 
[2023-11-01 09:08:56.100 AM] error: No se pudo obtener los productos 
[2023-11-01 09:18:24.108 AM] error: No se pudo obtener los productos 
[2023-11-01 09:34:35.761 AM] error: No se encontro el producto 
[2023-11-01 11:24:23.299 AM] error: Cannot read properties of undefined (reading 'role') 
[2023-11-01 03:07:32.773 PM] error: Cast to ObjectId failed for value "{cid}" (type string) at path "_id" for model "carts" 
[2023-11-01 03:07:34.385 PM] error: Cast to ObjectId failed for value "{cid}" (type string) at path "_id" for model "carts" 
[2023-11-17 11:46:45.399 AM] error: ENOENT: no such file or directory, open '/tmp/my-uploads/uploadedFile-1700232405381' 
[2023-11-17 11:47:59.627 AM] error: ENOENT: no such file or directory, open '../public/images/uploadedFile-1700232479604' 
[2023-11-17 11:48:23.358 AM] error: ENOENT: no such file or directory, open '../public/uploadedFile-1700232503351' 
[2023-11-17 11:52:42.445 AM] error: ENOENT: no such file or directory, open '../public/images/uploadedFile-1700232762438' 
[2023-11-17 11:53:09.106 AM] error: ENOENT: no such file or directory, open '../public/images/uploadedFile-1700232789077' 
[2023-11-17 11:53:12.325 AM] error: ENOENT: no such file or directory, open '../public/images/uploadedFile-1700232792321' 
[2023-11-17 11:56:30.816 AM] error: EACCES: permission denied, open '/uploadedFile-1700232990804' 
[2023-11-17 02:37:57.080 PM] error: Failed to lookup view "upload-images-product" in views directory "/home/facu/Escritorio/programacion/CoderHouse/coderBackProyecto/5-entrega4/views" 
[2023-11-17 03:55:57.473 PM] error: Unexpected end of form 
[2023-11-18 04:01:42.246 PM] error: Cast to ObjectId failed for value ":uid" (type string) at path "_id" for model "users" 
[2023-11-18 04:19:34.785 PM] error: ENOENT: no such file or directory, open 'asdasd/uploadedFile-1700335174777.json' 
[2023-11-18 04:39:16.474 PM] error: Cast to ObjectId failed for value ":uid" (type string) at path "_id" for model "users" 
[2023-11-18 08:18:02.970 PM] error: Unexpected field 
[2023-11-18 08:52:45.839 PM] error: Unexpected field 
[2023-11-18 08:53:23.726 PM] error: Unexpected field 
[2023-11-18 09:28:33.667 PM] error: Unexpected field 
[2023-11-18 09:29:05.774 PM] error: Unexpected field 
[2023-11-19 04:12:41.796 PM] error: Tipo de archivo no permitido 
[2023-11-19 04:13:59.213 PM] error: Unexpected end of form 
[2023-11-19 04:14:17.438 PM] error: Unexpected end of form 
[2023-11-19 04:14:55.201 PM] error: Unexpected end of form 
[2023-11-19 04:41:08.184 PM] error: Unexpected end of form 
[2023-11-20 02:54:33.479 PM] error: Cast to date failed for value "[Function: now]" (type function) at path "last_connection" 
[2023-11-21 12:45:05.338 PM] error: documentation needs to be completed 
[2023-11-21 12:45:26.038 PM] error: documentation needs to be completed 
[2023-11-21 12:48:20.022 PM] error: documentation needs to be completed 
[2023-12-11 01:02:12.228 PM] error: Cannot set headers after they are sent to the client 
[2023-12-12 01:12:29.518 PM] error: Cannot read properties of undefined (reading 'status') 
[2023-12-12 01:13:58.731 PM] error: Cannot read properties of undefined (reading 'status') 
[2023-12-12 01:14:00.924 PM] error: Cannot read properties of undefined (reading 'status') 
[2023-12-12 03:15:59.357 PM] error: idArray is not defined 
[2023-12-12 03:16:18.559 PM] error: Model.deleteMany() no longer accepts a callback 
[2023-12-12 03:49:01.856 PM] error: Failed to deserialize user out of session 
[2023-12-12 03:49:14.346 PM] error: Failed to deserialize user out of session 
[2023-12-13 01:36:21.151 PM] error: Failed to lookup view "user-viewer" in views directory "/home/facu/programacion/CoderHouse/coderBackProyecto/proyectoFinal/views" 
